This is pdfTeX, Version 3.14159265-2.6-1.40.21 (TeX Live 2020) (preloaded format=pdflatex 2020.4.7)  17 JUL 2021 03:09
entering extended mode
 restricted \write18 enabled.
 file:line:error style messages enabled.
 %&-line parsing enabled.
**/Users/williammatrix/Desktop/DL-ML/DeepLearning_ML_Fundamentals/Notes/DeepLearning_Notes.tex
(/Users/williammatrix/Desktop/DL-ML/DeepLearning_ML_Fundamentals/Notes/DeepLearning_Notes.tex
LaTeX2e <2020-02-02> patch level 5
L3 programming layer <2020-03-06> (/usr/local/texlive/2020/texmf-dist/tex/latex/base/article.cls
Document Class: article 2019/12/20 v1.4l Standard LaTeX document class
(/usr/local/texlive/2020/texmf-dist/tex/latex/base/size12.clo
File: size12.clo 2019/12/20 v1.4l Standard LaTeX file (size option)
)
\c@part=\count167
\c@section=\count168
\c@subsection=\count169
\c@subsubsection=\count170
\c@paragraph=\count171
\c@subparagraph=\count172
\c@figure=\count173
\c@table=\count174
\abovecaptionskip=\skip47
\belowcaptionskip=\skip48
\bibindent=\dimen134
) (/usr/local/texlive/2020/texmf-dist/tex/latex/listings/listings.sty (/usr/local/texlive/2020/texmf-dist/tex/latex/graphics/keyval.sty
Package: keyval 2014/10/28 v1.15 key=value parser (DPC)
\KV@toks@=\toks15
)
\lst@mode=\count175
\lst@gtempboxa=\box45
\lst@token=\toks16
\lst@length=\count176
\lst@currlwidth=\dimen135
\lst@column=\count177
\lst@pos=\count178
\lst@lostspace=\dimen136
\lst@width=\dimen137
\lst@newlines=\count179
\lst@lineno=\count180
\lst@maxwidth=\dimen138
 (/usr/local/texlive/2020/texmf-dist/tex/latex/listings/lstmisc.sty
File: lstmisc.sty 2020/03/24 1.8d (Carsten Heinz)
\c@lstnumber=\count181
\lst@skipnumbers=\count182
\lst@framebox=\box46
) (/usr/local/texlive/2020/texmf-dist/tex/latex/listings/listings.cfg
File: listings.cfg 2020/03/24 1.8d listings configuration
))
Package: listings 2020/03/24 1.8d (Carsten Heinz)
 (/usr/local/texlive/2020/texmf-dist/tex/latex/graphics/color.sty
Package: color 2019/11/23 v1.2a Standard LaTeX Color (DPC)
 (/usr/local/texlive/2020/texmf-dist/tex/latex/graphics-cfg/color.cfg
File: color.cfg 2016/01/02 v1.6 sample color configuration
)
Package color Info: Driver file: pdftex.def on input line 147.
 (/usr/local/texlive/2020/texmf-dist/tex/latex/graphics-def/pdftex.def
File: pdftex.def 2018/01/08 v1.0l Graphics/color driver for pdftex
)) (/usr/local/texlive/2020/texmf-dist/tex/latex/enumitem/enumitem.sty
Package: enumitem 2019/06/20 v3.9 Customized lists
\labelindent=\skip49
\enit@outerparindent=\dimen139
\enit@toks=\toks17
\enit@inbox=\box47
\enit@count@id=\count183
\enitdp@description=\count184
) (/usr/local/texlive/2020/texmf-dist/tex/latex/amscls/amsthm.sty
Package: amsthm 2017/10/31 v2.20.4
\thm@style=\toks18
\thm@bodyfont=\toks19
\thm@headfont=\toks20
\thm@notefont=\toks21
\thm@headpunct=\toks22
\thm@preskip=\skip50
\thm@postskip=\skip51
\thm@headsep=\skip52
\dth@everypar=\toks23
) (/usr/local/texlive/2020/texmf-dist/tex/latex/amsfonts/amssymb.sty
Package: amssymb 2013/01/14 v3.01 AMS font symbols
 (/usr/local/texlive/2020/texmf-dist/tex/latex/amsfonts/amsfonts.sty
Package: amsfonts 2013/01/14 v3.01 Basic AMSFonts support
\@emptytoks=\toks24
\symAMSa=\mathgroup4
\symAMSb=\mathgroup5
LaTeX Font Info:    Redeclaring math symbol \hbar on input line 98.
LaTeX Font Info:    Overwriting math alphabet `\mathfrak' in version `bold'
(Font)                  U/euf/m/n --> U/euf/b/n on input line 106.
)) (/usr/local/texlive/2020/texmf-dist/tex/latex/setspace/setspace.sty
Package: setspace 2011/12/19 v6.7a set line spacing
) (/usr/local/texlive/2020/texmf-dist/tex/latex/graphics/graphicx.sty
Package: graphicx 2019/11/30 v1.2a Enhanced LaTeX Graphics (DPC,SPQR)
 (/usr/local/texlive/2020/texmf-dist/tex/latex/graphics/graphics.sty
Package: graphics 2019/11/30 v1.4a Standard LaTeX Graphics (DPC,SPQR)
 (/usr/local/texlive/2020/texmf-dist/tex/latex/graphics/trig.sty
Package: trig 2016/01/03 v1.10 sin cos tan (DPC)
) (/usr/local/texlive/2020/texmf-dist/tex/latex/graphics-cfg/graphics.cfg
File: graphics.cfg 2016/06/04 v1.11 sample graphics configuration
)
Package graphics Info: Driver file: pdftex.def on input line 105.
)
\Gin@req@height=\dimen140
\Gin@req@width=\dimen141
) (/usr/local/texlive/2020/texmf-dist/tex/latex/l3backend/l3backend-pdfmode.def
File: l3backend-pdfmode.def 2020-03-12 L3 backend support: PDF mode
\l__kernel_color_stack_int=\count185
\l__pdf_internal_box=\box48
) (/Users/williammatrix/Desktop/DL-ML/DeepLearning_ML_Fundamentals/Notes/DeepLearning_Notes.aux)
\openout1 = `DeepLearning_Notes.aux'.

LaTeX Font Info:    Checking defaults for OML/cmm/m/it on input line 20.
LaTeX Font Info:    ... okay on input line 20.
LaTeX Font Info:    Checking defaults for OMS/cmsy/m/n on input line 20.
LaTeX Font Info:    ... okay on input line 20.
LaTeX Font Info:    Checking defaults for OT1/cmr/m/n on input line 20.
LaTeX Font Info:    ... okay on input line 20.
LaTeX Font Info:    Checking defaults for T1/cmr/m/n on input line 20.
LaTeX Font Info:    ... okay on input line 20.
LaTeX Font Info:    Checking defaults for TS1/cmr/m/n on input line 20.
LaTeX Font Info:    ... okay on input line 20.
LaTeX Font Info:    Checking defaults for OMX/cmex/m/n on input line 20.
LaTeX Font Info:    ... okay on input line 20.
LaTeX Font Info:    Checking defaults for U/cmr/m/n on input line 20.
LaTeX Font Info:    ... okay on input line 20.
\c@lstlisting=\count186
 (/usr/local/texlive/2020/texmf-dist/tex/context/base/mkii/supp-pdf.mkii
[Loading MPS to PDF converter (version 2006.09.02).]
\scratchcounter=\count187
\scratchdimen=\dimen142
\scratchbox=\box49
\nofMPsegments=\count188
\nofMParguments=\count189
\everyMPshowfont=\toks25
\MPscratchCnt=\count190
\MPscratchDim=\dimen143
\MPnumerator=\count191
\makeMPintoPDFobject=\count192
\everyMPtoPDFconversion=\toks26
) (/usr/local/texlive/2020/texmf-dist/tex/latex/epstopdf-pkg/epstopdf-base.sty
Package: epstopdf-base 2020-01-24 v2.11 Base part for package epstopdf
Package epstopdf-base Info: Redefining graphics rule for `.eps' on input line 485.
 (/usr/local/texlive/2020/texmf-dist/tex/latex/latexconfig/epstopdf-sys.cfg
File: epstopdf-sys.cfg 2010/07/13 v1.3 Configuration of (r)epstopdf for TeX Live
))
LaTeX Font Info:    Trying to load font information for U+msa on input line 22.
 (/usr/local/texlive/2020/texmf-dist/tex/latex/amsfonts/umsa.fd
File: umsa.fd 2013/01/14 v3.01 AMS symbols A
)
LaTeX Font Info:    Trying to load font information for U+msb on input line 22.
 (/usr/local/texlive/2020/texmf-dist/tex/latex/amsfonts/umsb.fd
File: umsb.fd 2013/01/14 v3.01 AMS symbols B
) [1

{/usr/local/texlive/2020/texmf-var/fonts/map/pdftex/updmap/pdftex.map}] (/Users/williammatrix/Desktop/DL-ML/DeepLearning_ML_Fundamentals/Notes/DeepLearning_Notes.toc [2])
\tf@toc=\write3
\openout3 = `DeepLearning_Notes.toc'.

 [3] [4] [5]
<./figures/AI_Umbrella.png, id=22, 458.71375pt x 315.1775pt>
File: ./figures/AI_Umbrella.png Graphic file (type png)
<use ./figures/AI_Umbrella.png>
Package pdftex.def Info: ./figures/AI_Umbrella.png  used on input line 53.
(pdftex.def)             Requested size: 227.62204pt x 156.39568pt.
<./figures/ML_new_paradigm.png, id=24, 370.38374pt x 221.82875pt>
File: ./figures/ML_new_paradigm.png Graphic file (type png)
<use ./figures/ML_new_paradigm.png>
Package pdftex.def Info: ./figures/ML_new_paradigm.png  used on input line 78.
(pdftex.def)             Requested size: 170.71652pt x 102.24554pt.
 [6 </Users/williammatrix/Desktop/DL-ML/DeepLearning_ML_Fundamentals/Notes/./figures/AI_Umbrella.png> </Users/williammatrix/Desktop/DL-ML/DeepLearning_ML_Fundamentals/Notes/./figures/ML_new_paradigm.png>] [7]
<./figures/training_loop_dnn.png, id=35, 921.4425pt x 436.63126pt>
File: ./figures/training_loop_dnn.png Graphic file (type png)
<use ./figures/training_loop_dnn.png>
Package pdftex.def Info: ./figures/training_loop_dnn.png  used on input line 151.
(pdftex.def)             Requested size: 341.43306pt x 161.78421pt.
 [8] [9 </Users/williammatrix/Desktop/DL-ML/DeepLearning_ML_Fundamentals/Notes/./figures/training_loop_dnn.png>]
<./figures/timeseries_data.png, id=43, 402.50375pt x 187.70125pt>
File: ./figures/timeseries_data.png Graphic file (type png)
<use ./figures/timeseries_data.png>
Package pdftex.def Info: ./figures/timeseries_data.png  used on input line 210.
(pdftex.def)             Requested size: 284.52756pt x 132.68454pt.
<./figures/image_data.png, id=44, 480.79625pt x 401.5pt>
File: ./figures/image_data.png Graphic file (type png)
<use ./figures/image_data.png>
Package pdftex.def Info: ./figures/image_data.png  used on input line 218.
(pdftex.def)             Requested size: 227.62204pt x 190.08345pt.
 [10 </Users/williammatrix/Desktop/DL-ML/DeepLearning_ML_Fundamentals/Notes/./figures/timeseries_data.png>] [11 </Users/williammatrix/Desktop/DL-ML/DeepLearning_ML_Fundamentals/Notes/./figures/image_data.png>]
Overfull \hbox (2.62808pt too wide) in paragraph at lines 248--250
[]\OT1/cmr/m/it/12 categorical[]crossentropy \OT1/cmr/m/n/12 is al-most al-ways the loss func-tion used in single-
 []


Overfull \hbox (85.42851pt too wide) in paragraph at lines 250--252
\OT1/cmr/m/n/12 cat-e-gor-i-cal crossen-tropy, or leave data as in-te-gers and use \OT1/cmr/m/it/12 sparse[]categorical[]crossentropy 
 []

[12]
Overfull \hbox (4.90227pt too wide) in paragraph at lines 299--301
[]\OT1/cmr/bx/n/12 autoencoders \OT1/cmr/m/n/12 are well-known in-stance of self-supervised learn-ing where
 []

[13] [14] [15]
<./figures/hold_out_validation.png, id=67, 683.55376pt x 304.13625pt>
File: ./figures/hold_out_validation.png Graphic file (type png)
<use ./figures/hold_out_validation.png>
Package pdftex.def Info: ./figures/hold_out_validation.png  used on input line 383.
(pdftex.def)             Requested size: 341.43306pt x 151.91924pt.
<./figures/hold_out_validation_snippet.png, id=68, 907.39pt x 436.63126pt>
File: ./figures/hold_out_validation_snippet.png Graphic file (type png)
<use ./figures/hold_out_validation_snippet.png>
Package pdftex.def Info: ./figures/hold_out_validation_snippet.png  used on input line 384.
(pdftex.def)             Requested size: 341.43306pt x 164.29596pt.
 [16 </Users/williammatrix/Desktop/DL-ML/DeepLearning_ML_Fundamentals/Notes/./figures/hold_out_validation.png> </Users/williammatrix/Desktop/DL-ML/DeepLearning_ML_Fundamentals/Notes/./figures/hold_out_validation_snippet.png>]
<./figures/k_folds_validation_scheme.png, id=74, 787.94376pt x 386.44376pt>
File: ./figures/k_folds_validation_scheme.png Graphic file (type png)
<use ./figures/k_folds_validation_scheme.png>
Package pdftex.def Info: ./figures/k_folds_validation_scheme.png  used on input line 404.
(pdftex.def)             Requested size: 284.52756pt x 139.5442pt.
<./figures/k_folds_validation_snip1.png, id=75, 911.405pt x 453.695pt>
File: ./figures/k_folds_validation_snip1.png Graphic file (type png)
<use ./figures/k_folds_validation_snip1.png>
Package pdftex.def Info: ./figures/k_folds_validation_snip1.png  used on input line 406.
(pdftex.def)             Requested size: 341.43306pt x 169.96906pt.
<./figures/k_folds_validation_snip2.png, id=76, 856.19875pt x 144.54pt>
File: ./figures/k_folds_validation_snip2.png Graphic file (type png)
<use ./figures/k_folds_validation_snip2.png>
Package pdftex.def Info: ./figures/k_folds_validation_snip2.png  used on input line 408.
(pdftex.def)             Requested size: 341.43306pt x 57.63852pt.
 [17 </Users/williammatrix/Desktop/DL-ML/DeepLearning_ML_Fundamentals/Notes/./figures/k_folds_validation_scheme.png> </Users/williammatrix/Desktop/DL-ML/DeepLearning_ML_Fundamentals/Notes/./figures/k_folds_validation_snip1.png> </Users/williammatrix/Desktop/DL-ML/DeepLearning_ML_Fundamentals/Notes/./figures/k_folds_validation_snip2.png>]
Overfull \hbox (12.7695pt too wide) in paragraph at lines 426--426
[]\OT1/cmr/bx/n/14.4 Things to con-sider while choos-ing eval-u-a-tion method 
 []


Overfull \hbox (19.53293pt too wide) in paragraph at lines 455--455
[]\OT1/cmr/bx/n/14.4 Preprocessing, fea-ture en-gi-neer-ing, and fea-ture learn-
 []

[18] [19] [20] [21]
<./figures/weight_regularizer_instance.png, id=96, 858.20625pt x 204.765pt>
File: ./figures/weight_regularizer_instance.png Graphic file (type png)
<use ./figures/weight_regularizer_instance.png>
Package pdftex.def Info: ./figures/weight_regularizer_instance.png  used on input line 568.
(pdftex.def)             Requested size: 369.88582pt x 88.25343pt.

Overfull \hbox (9.26051pt too wide) in paragraph at lines 568--569
 [][] 
 []

<./figures/dropout_keras_implementation.png, id=97, 779.91376pt x 157.58875pt>
File: ./figures/dropout_keras_implementation.png Graphic file (type png)
<use ./figures/dropout_keras_implementation.png>
Package pdftex.def Info: ./figures/dropout_keras_implementation.png  used on input line 589.
(pdftex.def)             Requested size: 369.88582pt x 74.7376pt.

Overfull \hbox (9.26051pt too wide) in paragraph at lines 589--590
 [][] 
 []

[22 </Users/williammatrix/Desktop/DL-ML/DeepLearning_ML_Fundamentals/Notes/./figures/weight_regularizer_instance.png> </Users/williammatrix/Desktop/DL-ML/DeepLearning_ML_Fundamentals/Notes/./figures/dropout_keras_implementation.png>] [23] [24]
Underfull \hbox (badness 10000) in paragraph at lines 671--676

 []

<./figures/loss_funcs_per_problem.png, id=110, 867.24pt x 255.95625pt>
File: ./figures/loss_funcs_per_problem.png Graphic file (type png)
<use ./figures/loss_funcs_per_problem.png>
Package pdftex.def Info: ./figures/loss_funcs_per_problem.png  used on input line 679.
(pdftex.def)             Requested size: 426.79134pt x 125.96252pt.

Overfull \hbox (36.79134pt too wide) in paragraph at lines 679--680
 [][] 
 []

[25 </Users/williammatrix/Desktop/DL-ML/DeepLearning_ML_Fundamentals/Notes/./figures/loss_funcs_per_problem.png>] [26] (/Users/williammatrix/Desktop/DL-ML/DeepLearning_ML_Fundamentals/Notes/DeepLearning_Notes.aux) ) 
Here is how much of TeX's memory you used:
 3863 strings out of 480608
 55322 string characters out of 5903631
 289203 words of memory out of 5000000
 19725 multiletter control sequences out of 15000+600000
 542144 words of font info for 61 fonts, out of 8000000 for 9000
 1141 hyphenation exceptions out of 8191
 30i,6n,36p,294b,1111s stack positions out of 5000i,500n,10000p,200000b,80000s
{/usr/local/texlive/2020/texmf-dist/fonts/enc/dvips/cm-super/cm-super-ts1.enc}</usr/local/texlive/2020/texmf-dist/fonts/type1/public/amsfonts/cm/cmbx12.pfb></usr/local/texlive/2020/texmf-dist/fonts/type1/public/amsfonts/cm/cmbxti10.pfb></usr/local/texlive/2020/texmf-dist/fonts/type1/public/amsfonts/cm/cmmi12.pfb></usr/local/texlive/2020/texmf-dist/fonts/type1/public/amsfonts/cm/cmr12.pfb></usr/local/texlive/2020/texmf-dist/fonts/type1/public/amsfonts/cm/cmr17.pfb></usr/local/texlive/2020/texmf-dist/fonts/type1/public/amsfonts/cm/cmti12.pfb></usr/local/texlive/2020/texmf-dist/fonts/type1/public/cm-super/sfrm1200.pfb>
Output written on /Users/williammatrix/Desktop/DL-ML/DeepLearning_ML_Fundamentals/Notes/DeepLearning_Notes.pdf (26 pages, 601861 bytes).
PDF statistics:
 144 PDF objects out of 1000 (max. 8388607)
 82 compressed objects within 1 object stream
 0 named destinations out of 1000 (max. 500000)
 66 words of extra memory for PDF output out of 10000 (max. 10000000)

